{"/Users/0x01/Documents/Projects/backdrop_cats/src/storage.ts": {"path":"/Users/0x01/Documents/Projects/backdrop_cats/src/storage.ts","statementMap":{"0":{"start":{"line":4,"column":30},"end":{"line":4,"column":53}},"1":{"start":{"line":6,"column":42},"end":{"line":20,"column":1}},"2":{"start":{"line":8,"column":18},"end":{"line":8,"column":67}},"3":{"start":{"line":9,"column":4},"end":{"line":9,"column":49}},"4":{"start":{"line":9,"column":15},"end":{"line":9,"column":49}},"5":{"start":{"line":10,"column":4},"end":{"line":10,"column":14}},"6":{"start":{"line":13,"column":18},"end":{"line":13,"column":41}},"7":{"start":{"line":14,"column":4},"end":{"line":17,"column":6}},"8":{"start":{"line":19,"column":15},"end":{"line":19,"column":35}}},"fnMap":{"0":{"name":"(anonymous_0)","decl":{"start":{"line":7,"column":7},"end":{"line":7,"column":8}},"loc":{"start":{"line":7,"column":19},"end":{"line":11,"column":3}},"line":7},"1":{"name":"(anonymous_1)","decl":{"start":{"line":12,"column":12},"end":{"line":12,"column":13}},"loc":{"start":{"line":12,"column":26},"end":{"line":18,"column":3}},"line":12},"2":{"name":"(anonymous_2)","decl":{"start":{"line":19,"column":9},"end":{"line":19,"column":10}},"loc":{"start":{"line":19,"column":15},"end":{"line":19,"column":35}},"line":19}},"branchMap":{"0":{"loc":{"start":{"line":9,"column":4},"end":{"line":9,"column":49}},"type":"if","locations":[{"start":{"line":9,"column":4},"end":{"line":9,"column":49}},{"start":{},"end":{}}],"line":9}},"s":{"0":2,"1":2,"2":18,"3":18,"4":12,"5":6,"6":13,"7":13,"8":4},"f":{"0":18,"1":13,"2":4},"b":{"0":[12,6]},"_coverageSchema":"1a1c01bbd47fc00a2c39e90264f33305004495a9","hash":"922fae5a2ed87607c3f9356e345fc6a745bd3de1"}
,"/Users/0x01/Documents/Projects/backdrop_cats/src/context/favourite_context.tsx": {"path":"/Users/0x01/Documents/Projects/backdrop_cats/src/context/favourite_context.tsx","statementMap":{"0":{"start":{"line":5,"column":25},"end":{"line":5,"column":58}},"1":{"start":{"line":13,"column":50},"end":{"line":40,"column":1}},"2":{"start":{"line":14,"column":36},"end":{"line":14,"column":53}},"3":{"start":{"line":16,"column":2},"end":{"line":18,"column":9}},"4":{"start":{"line":17,"column":4},"end":{"line":17,"column":15}},"5":{"start":{"line":20,"column":19},"end":{"line":23,"column":3}},"6":{"start":{"line":21,"column":18},"end":{"line":21,"column":41}},"7":{"start":{"line":22,"column":4},"end":{"line":22,"column":24}},"8":{"start":{"line":25,"column":19},"end":{"line":32,"column":3}},"9":{"start":{"line":26,"column":4},"end":{"line":31,"column":5}},"10":{"start":{"line":27,"column":6},"end":{"line":30,"column":7}},"11":{"start":{"line":27,"column":34},"end":{"line":27,"column":53}},"12":{"start":{"line":28,"column":8},"end":{"line":28,"column":36}},"13":{"start":{"line":29,"column":8},"end":{"line":29,"column":58}},"14":{"start":{"line":29,"column":34},"end":{"line":29,"column":56}},"15":{"start":{"line":34,"column":2},"end":{"line":39,"column":4}},"16":{"start":{"line":42,"column":35},"end":{"line":49,"column":1}},"17":{"start":{"line":43,"column":18},"end":{"line":43,"column":46}},"18":{"start":{"line":44,"column":2},"end":{"line":47,"column":6}},"19":{"start":{"line":45,"column":4},"end":{"line":47,"column":6}},"20":{"start":{"line":48,"column":2},"end":{"line":48,"column":17}}},"fnMap":{"0":{"name":"(anonymous_0)","decl":{"start":{"line":13,"column":50},"end":{"line":13,"column":51}},"loc":{"start":{"line":13,"column":66},"end":{"line":40,"column":1}},"line":13},"1":{"name":"(anonymous_1)","decl":{"start":{"line":16,"column":12},"end":{"line":16,"column":13}},"loc":{"start":{"line":16,"column":18},"end":{"line":18,"column":3}},"line":16},"2":{"name":"(anonymous_2)","decl":{"start":{"line":20,"column":19},"end":{"line":20,"column":20}},"loc":{"start":{"line":20,"column":31},"end":{"line":23,"column":3}},"line":20},"3":{"name":"(anonymous_3)","decl":{"start":{"line":25,"column":19},"end":{"line":25,"column":20}},"loc":{"start":{"line":25,"column":35},"end":{"line":32,"column":3}},"line":25},"4":{"name":"(anonymous_4)","decl":{"start":{"line":27,"column":27},"end":{"line":27,"column":28}},"loc":{"start":{"line":27,"column":34},"end":{"line":27,"column":53}},"line":27},"5":{"name":"(anonymous_5)","decl":{"start":{"line":29,"column":21},"end":{"line":29,"column":22}},"loc":{"start":{"line":29,"column":34},"end":{"line":29,"column":56}},"line":29},"6":{"name":"(anonymous_6)","decl":{"start":{"line":42,"column":35},"end":{"line":42,"column":36}},"loc":{"start":{"line":42,"column":41},"end":{"line":49,"column":1}},"line":42}},"branchMap":{"0":{"loc":{"start":{"line":26,"column":4},"end":{"line":31,"column":5}},"type":"if","locations":[{"start":{"line":26,"column":4},"end":{"line":31,"column":5}},{"start":{},"end":{}}],"line":26},"1":{"loc":{"start":{"line":27,"column":6},"end":{"line":30,"column":7}},"type":"if","locations":[{"start":{"line":27,"column":6},"end":{"line":30,"column":7}},{"start":{},"end":{}}],"line":27},"2":{"loc":{"start":{"line":44,"column":2},"end":{"line":47,"column":6}},"type":"if","locations":[{"start":{"line":44,"column":2},"end":{"line":47,"column":6}},{"start":{},"end":{}}],"line":44}},"s":{"0":1,"1":1,"2":8,"3":8,"4":3,"5":8,"6":3,"7":3,"8":8,"9":3,"10":3,"11":1,"12":2,"13":2,"14":2,"15":8,"16":1,"17":8,"18":8,"19":0,"20":8},"f":{"0":8,"1":3,"2":3,"3":3,"4":1,"5":2,"6":8},"b":{"0":[3,0],"1":[2,1],"2":[0,8]},"_coverageSchema":"1a1c01bbd47fc00a2c39e90264f33305004495a9","hash":"3c71e28e4f0a3a18e0d0067acca0e44028d119e7"}
,"/Users/0x01/Documents/Projects/backdrop_cats/src/hooks/use_fetch.ts": {"path":"/Users/0x01/Documents/Projects/backdrop_cats/src/hooks/use_fetch.ts","statementMap":{"0":{"start":{"line":3,"column":17},"end":{"line":40,"column":1}},"1":{"start":{"line":4,"column":36},"end":{"line":4,"column":50}},"2":{"start":{"line":5,"column":38},"end":{"line":5,"column":53}},"3":{"start":{"line":6,"column":34},"end":{"line":6,"column":49}},"4":{"start":{"line":7,"column":28},"end":{"line":7,"column":53}},"5":{"start":{"line":8,"column":26},"end":{"line":8,"column":39}},"6":{"start":{"line":10,"column":2},"end":{"line":37,"column":13}},"7":{"start":{"line":11,"column":22},"end":{"line":35,"column":5}},"8":{"start":{"line":12,"column":6},"end":{"line":12,"column":26}},"9":{"start":{"line":13,"column":6},"end":{"line":32,"column":7}},"10":{"start":{"line":14,"column":25},"end":{"line":22,"column":9}},"11":{"start":{"line":23,"column":21},"end":{"line":23,"column":42}},"12":{"start":{"line":24,"column":8},"end":{"line":29,"column":9}},"13":{"start":{"line":25,"column":10},"end":{"line":25,"column":29}},"14":{"start":{"line":26,"column":10},"end":{"line":26,"column":28}},"15":{"start":{"line":28,"column":10},"end":{"line":28,"column":50}},"16":{"start":{"line":31,"column":8},"end":{"line":31,"column":39}},"17":{"start":{"line":33,"column":6},"end":{"line":33,"column":41}},"18":{"start":{"line":33,"column":21},"end":{"line":33,"column":41}},"19":{"start":{"line":34,"column":6},"end":{"line":34,"column":27}},"20":{"start":{"line":36,"column":4},"end":{"line":36,"column":16}},"21":{"start":{"line":39,"column":2},"end":{"line":39,"column":46}}},"fnMap":{"0":{"name":"(anonymous_0)","decl":{"start":{"line":3,"column":17},"end":{"line":3,"column":18}},"loc":{"start":{"line":3,"column":38},"end":{"line":40,"column":1}},"line":3},"1":{"name":"(anonymous_1)","decl":{"start":{"line":10,"column":12},"end":{"line":10,"column":13}},"loc":{"start":{"line":10,"column":18},"end":{"line":37,"column":3}},"line":10},"2":{"name":"(anonymous_2)","decl":{"start":{"line":11,"column":22},"end":{"line":11,"column":23}},"loc":{"start":{"line":11,"column":34},"end":{"line":35,"column":5}},"line":11}},"branchMap":{"0":{"loc":{"start":{"line":24,"column":8},"end":{"line":29,"column":9}},"type":"if","locations":[{"start":{"line":24,"column":8},"end":{"line":29,"column":9}},{"start":{"line":27,"column":15},"end":{"line":29,"column":9}}],"line":24},"1":{"loc":{"start":{"line":33,"column":6},"end":{"line":33,"column":41}},"type":"if","locations":[{"start":{"line":33,"column":6},"end":{"line":33,"column":41}},{"start":{},"end":{}}],"line":33}},"s":{"0":1,"1":26,"2":26,"3":26,"4":26,"5":26,"6":26,"7":5,"8":5,"9":5,"10":5,"11":4,"12":4,"13":4,"14":4,"15":0,"16":1,"17":5,"18":4,"19":5,"20":5,"21":26},"f":{"0":26,"1":5,"2":5},"b":{"0":[4,0],"1":[4,1]},"_coverageSchema":"1a1c01bbd47fc00a2c39e90264f33305004495a9","hash":"93a9f99bf60afd9044b618fd8d4f1f9630f849e5"}
}
