TN:
SF:src/storage.ts
FN:7,(anonymous_0)
FN:12,(anonymous_1)
FN:19,(anonymous_2)
FNF:3
FNH:3
FNDA:18,(anonymous_0)
FNDA:13,(anonymous_1)
FNDA:4,(anonymous_2)
DA:4,2
DA:6,2
DA:8,18
DA:9,18
DA:10,6
DA:13,13
DA:14,13
DA:19,4
LF:8
LH:8
BRDA:9,0,0,12
BRDA:9,0,1,6
BRF:2
BRH:2
end_of_record
TN:
SF:src/context/favourite_context.tsx
FN:13,(anonymous_0)
FN:16,(anonymous_1)
FN:20,(anonymous_2)
FN:25,(anonymous_3)
FN:27,(anonymous_4)
FN:29,(anonymous_5)
FN:42,(anonymous_6)
FNF:7
FNH:7
FNDA:8,(anonymous_0)
FNDA:3,(anonymous_1)
FNDA:3,(anonymous_2)
FNDA:3,(anonymous_3)
FNDA:1,(anonymous_4)
FNDA:2,(anonymous_5)
FNDA:8,(anonymous_6)
DA:5,1
DA:13,1
DA:14,8
DA:16,8
DA:17,3
DA:20,8
DA:21,3
DA:22,3
DA:25,8
DA:26,3
DA:27,3
DA:28,2
DA:29,2
DA:34,8
DA:42,1
DA:43,8
DA:44,8
DA:45,0
DA:48,8
LF:19
LH:18
BRDA:26,0,0,3
BRDA:26,0,1,0
BRDA:27,1,0,2
BRDA:27,1,1,1
BRDA:44,2,0,0
BRDA:44,2,1,8
BRF:6
BRH:4
end_of_record
TN:
SF:src/hooks/use_fetch.ts
FN:3,(anonymous_0)
FN:10,(anonymous_1)
FN:11,(anonymous_2)
FNF:3
FNH:3
FNDA:26,(anonymous_0)
FNDA:5,(anonymous_1)
FNDA:5,(anonymous_2)
DA:3,1
DA:4,26
DA:5,26
DA:6,26
DA:7,26
DA:8,26
DA:10,26
DA:11,5
DA:12,5
DA:13,5
DA:14,5
DA:23,4
DA:24,4
DA:25,4
DA:26,4
DA:28,0
DA:31,1
DA:33,5
DA:34,5
DA:36,5
DA:39,26
LF:21
LH:20
BRDA:24,0,0,4
BRDA:24,0,1,0
BRDA:33,1,0,4
BRDA:33,1,1,1
BRF:4
BRH:3
end_of_record
